<?xml version="1.0" encoding="UTF-8"?>
<!-- Generated by org.testng.reporters.JUnitXMLReporter -->
<testsuite hostname="Kartik-MacBook-Pro.local" name="Default test" tests="1" failures="1" timestamp="22 Jan 2017 10:20:00 GMT" time="90.174" errors="0">
  <testcase name="loginTest" time="67.05" classname="com.noon.mobileapp.SigninTest">
    <failure type="org.openqa.selenium.TimeoutException" message="Timed out after 20 seconds waiting for visibility of element located by By.xpath: //android.widget.EditText[contains(@resource-id,&amp;apos;com.noon.staging:id/register_login_login&amp;apos;) and @text=&amp;apos;Your email address&amp;apos;]
Build info: version: &amp;apos;2.53.1&amp;apos;, revision: &amp;apos;a36b8b1cd5757287168e54b817830adce9b0158d&amp;apos;, time: &amp;apos;2016-06-30 19:26:09&amp;apos;
System info: host: &amp;apos;Kartik-MacBook-Pro.local&amp;apos;, ip: &amp;apos;192.168.137.29&amp;apos;, os.name: &amp;apos;Mac OS X&amp;apos;, os.arch: &amp;apos;x86_64&amp;apos;, os.version: &amp;apos;10.12.2&amp;apos;, java.version: &amp;apos;1.8.0_111&amp;apos;
Driver info: io.appium.java_client.android.AndroidDriver
Capabilities [{app=/Users/kartikbhatt/Automation/workspace/noon_mobile_automation/apk/app-staging-preRelease.apk, appPackage=com.noon.staging, networkConnectionEnabled=true, noReset=true, dontStopAppOnReset=true, warnings={}, appWaitPackage=com.noon.staging, appWaitActivity=com.noon.navigation.InitialActivity_, databaseEnabled=false, version=, deviceName=7618c874, platform=ANDROID, deviceUDID=7618c874, appActivity=com.noon.navigation.InitialActivity_, desired={app=/Users/kartikbhatt/Automation/workspace/noon_mobile_automation/apk/app-staging-preRelease.apk, noReset=true, dontStopAppOnReset=true, platformVersion=5.1.1, automationName=Appium, browserName=android, deviceOrientation=portrait, platformName=Android, version=, deviceName=A33f, platform=ANDROID}, platformVersion=5.1.1, webStorageEnabled=false, locationContextEnabled=false, automationName=Appium, takesScreenshot=true, browserName=android, javascriptEnabled=true, deviceOrientation=portrait, platformName=Android}]
Session ID: 4350ebf4-e689-4976-8576-d65231fb4b74">
      <![CDATA[org.openqa.selenium.TimeoutException: Timed out after 20 seconds waiting for visibility of element located by By.xpath: //android.widget.EditText[contains(@resource-id,'com.noon.staging:id/register_login_login') and @text='Your email address']
Build info: version: '2.53.1', revision: 'a36b8b1cd5757287168e54b817830adce9b0158d', time: '2016-06-30 19:26:09'
System info: host: 'Kartik-MacBook-Pro.local', ip: '192.168.137.29', os.name: 'Mac OS X', os.arch: 'x86_64', os.version: '10.12.2', java.version: '1.8.0_111'
Driver info: io.appium.java_client.android.AndroidDriver
Capabilities [{app=/Users/kartikbhatt/Automation/workspace/noon_mobile_automation/apk/app-staging-preRelease.apk, appPackage=com.noon.staging, networkConnectionEnabled=true, noReset=true, dontStopAppOnReset=true, warnings={}, appWaitPackage=com.noon.staging, appWaitActivity=com.noon.navigation.InitialActivity_, databaseEnabled=false, version=, deviceName=7618c874, platform=ANDROID, deviceUDID=7618c874, appActivity=com.noon.navigation.InitialActivity_, desired={app=/Users/kartikbhatt/Automation/workspace/noon_mobile_automation/apk/app-staging-preRelease.apk, noReset=true, dontStopAppOnReset=true, platformVersion=5.1.1, automationName=Appium, browserName=android, deviceOrientation=portrait, platformName=Android, version=, deviceName=A33f, platform=ANDROID}, platformVersion=5.1.1, webStorageEnabled=false, locationContextEnabled=false, automationName=Appium, takesScreenshot=true, browserName=android, javascriptEnabled=true, deviceOrientation=portrait, platformName=Android}]
Session ID: 4350ebf4-e689-4976-8576-d65231fb4b74
	at org.openqa.selenium.support.ui.WebDriverWait.timeoutException(WebDriverWait.java:80)
	at org.openqa.selenium.support.ui.FluentWait.until(FluentWait.java:261)
	at com.noon.mobileapp.pages.SigninPage.signin(SigninPage.java:76)
	at com.noon.mobileapp.SigninTest.loginTest(SigninTest.java:39)
	at sun.reflect.NativeMethodAccessorImpl.invoke0(Native Method)
	at sun.reflect.NativeMethodAccessorImpl.invoke(NativeMethodAccessorImpl.java:62)
	at sun.reflect.DelegatingMethodAccessorImpl.invoke(DelegatingMethodAccessorImpl.java:43)
	at java.lang.reflect.Method.invoke(Method.java:498)
	at org.testng.internal.MethodInvocationHelper.invokeMethod(MethodInvocationHelper.java:85)
	at org.testng.internal.Invoker.invokeMethod(Invoker.java:639)
	at org.testng.internal.Invoker.invokeTestMethod(Invoker.java:821)
	at org.testng.internal.Invoker.invokeTestMethods(Invoker.java:1131)
	at org.testng.internal.TestMethodWorker.invokeTestMethods(TestMethodWorker.java:124)
	at org.testng.internal.TestMethodWorker.run(TestMethodWorker.java:108)
	at org.testng.TestRunner.privateRun(TestRunner.java:773)
	at org.testng.TestRunner.run(TestRunner.java:623)
	at org.testng.SuiteRunner.runTest(SuiteRunner.java:357)
	at org.testng.SuiteRunner.runSequentially(SuiteRunner.java:352)
	at org.testng.SuiteRunner.privateRun(SuiteRunner.java:310)
	at org.testng.SuiteRunner.run(SuiteRunner.java:259)
	at org.testng.SuiteRunnerWorker.runSuite(SuiteRunnerWorker.java:52)
	at org.testng.SuiteRunnerWorker.run(SuiteRunnerWorker.java:86)
	at org.testng.TestNG.runSuitesSequentially(TestNG.java:1185)
	at org.testng.TestNG.runSuitesLocally(TestNG.java:1110)
	at org.testng.TestNG.run(TestNG.java:1018)
	at org.testng.remote.AbstractRemoteTestNG.run(AbstractRemoteTestNG.java:132)
	at org.testng.remote.RemoteTestNG.initAndRun(RemoteTestNG.java:236)
	at org.testng.remote.RemoteTestNG.main(RemoteTestNG.java:81)
Caused by: org.openqa.selenium.NoSuchElementException: An element could not be located on the page using the given search parameters. (WARNING: The server did not provide any stacktrace information)
Command duration or timeout: 1.27 seconds
For documentation on this error, please visit: http://seleniumhq.org/exceptions/no_such_element.html
Build info: version: '2.53.1', revision: 'a36b8b1cd5757287168e54b817830adce9b0158d', time: '2016-06-30 19:26:09'
System info: host: 'Kartik-MacBook-Pro.local', ip: '192.168.137.29', os.name: 'Mac OS X', os.arch: 'x86_64', os.version: '10.12.2', java.version: '1.8.0_111'
Driver info: io.appium.java_client.android.AndroidDriver
Capabilities [{app=/Users/kartikbhatt/Automation/workspace/noon_mobile_automation/apk/app-staging-preRelease.apk, appPackage=com.noon.staging, networkConnectionEnabled=true, noReset=true, dontStopAppOnReset=true, warnings={}, appWaitPackage=com.noon.staging, appWaitActivity=com.noon.navigation.InitialActivity_, databaseEnabled=false, version=, deviceName=7618c874, platform=ANDROID, deviceUDID=7618c874, appActivity=com.noon.navigation.InitialActivity_, desired={app=/Users/kartikbhatt/Automation/workspace/noon_mobile_automation/apk/app-staging-preRelease.apk, noReset=true, dontStopAppOnReset=true, platformVersion=5.1.1, automationName=Appium, browserName=android, deviceOrientation=portrait, platformName=Android, version=, deviceName=A33f, platform=ANDROID}, platformVersion=5.1.1, webStorageEnabled=false, locationContextEnabled=false, automationName=Appium, takesScreenshot=true, browserName=android, javascriptEnabled=true, deviceOrientation=portrait, platformName=Android}]
Session ID: 4350ebf4-e689-4976-8576-d65231fb4b74
*** Element info: {Using=xpath, value=//android.widget.EditText[contains(@resource-id,'com.noon.staging:id/register_login_login') and @text='Your email address']}
	at sun.reflect.NativeConstructorAccessorImpl.newInstance0(Native Method)
	at sun.reflect.NativeConstructorAccessorImpl.newInstance(NativeConstructorAccessorImpl.java:62)
	at sun.reflect.DelegatingConstructorAccessorImpl.newInstance(DelegatingConstructorAccessorImpl.java:45)
	at java.lang.reflect.Constructor.newInstance(Constructor.java:423)
	at org.openqa.selenium.remote.ErrorHandler.createThrowable(ErrorHandler.java:206)
	at org.openqa.selenium.remote.ErrorHandler.throwIfResponseFailed(ErrorHandler.java:158)
	at org.openqa.selenium.remote.RemoteWebDriver.execute(RemoteWebDriver.java:678)
	at io.appium.java_client.DefaultGenericMobileDriver.execute(DefaultGenericMobileDriver.java:51)
	at io.appium.java_client.AppiumDriver.execute(AppiumDriver.java:1)
	at io.appium.java_client.android.AndroidDriver.execute(AndroidDriver.java:1)
	at org.openqa.selenium.remote.RemoteWebDriver.findElement(RemoteWebDriver.java:363)
	at io.appium.java_client.DefaultGenericMobileDriver.findElement(DefaultGenericMobileDriver.java:67)
	at io.appium.java_client.AppiumDriver.findElement(AppiumDriver.java:1)
	at io.appium.java_client.android.AndroidDriver.findElement(AndroidDriver.java:1)
	at org.openqa.selenium.remote.RemoteWebDriver.findElementByXPath(RemoteWebDriver.java:500)
	at io.appium.java_client.DefaultGenericMobileDriver.findElementByXPath(DefaultGenericMobileDriver.java:145)
	at io.appium.java_client.AppiumDriver.findElementByXPath(AppiumDriver.java:1)
	at io.appium.java_client.android.AndroidDriver.findElementByXPath(AndroidDriver.java:1)
	at org.openqa.selenium.By$ByXPath.findElement(By.java:361)
	at org.openqa.selenium.remote.RemoteWebDriver.findElement(RemoteWebDriver.java:355)
	at io.appium.java_client.DefaultGenericMobileDriver.findElement(DefaultGenericMobileDriver.java:63)
	at io.appium.java_client.AppiumDriver.findElement(AppiumDriver.java:1)
	at io.appium.java_client.android.AndroidDriver.findElement(AndroidDriver.java:1)
	at org.openqa.selenium.support.ui.ExpectedConditions.findElement(ExpectedConditions.java:899)
	at org.openqa.selenium.support.ui.ExpectedConditions.access$000(ExpectedConditions.java:41)
	at org.openqa.selenium.support.ui.ExpectedConditions$7.apply(ExpectedConditions.java:205)
	at org.openqa.selenium.support.ui.ExpectedConditions$7.apply(ExpectedConditions.java:201)
	at org.openqa.selenium.support.ui.FluentWait.until(FluentWait.java:238)
	... 26 more
]]>
    </failure>
  </testcase> <!-- loginTest -->
</testsuite> <!-- Default test -->
